<?xml version="1.0" encoding="UTF-8"?>
<!-- Generated by org.testng.reporters.JUnitReportReporter -->
<testsuite hostname="yuliiapuziuk-r" failures="0" tests="1" name="org.example.ChromeTest1" time="3.405" errors="0" timestamp="2023-03-27T17:35:58 CEST" skipped="0">
  <testcase classname="org.example.ChromeTest1" name="test1" time="3.405"/>
  <system-out/>
</testsuite> <!-- org.example.ChromeTest1 -->
