<?xml version="1.0" encoding="UTF-8"?>
<!-- Generated by org.testng.reporters.JUnitReportReporter -->
<testsuite hostname="yuliiapuziuk-r" failures="0" tests="1" name="org.example.ChromeTest2" time="4.045" errors="0" timestamp="2023-03-27T17:35:58 CEST" skipped="0">
  <testcase classname="org.example.ChromeTest2" name="test2" time="4.045"/>
  <system-out/>
</testsuite> <!-- org.example.ChromeTest2 -->
